node.exe : Loaded 
Prisma config from 
prisma.config.ts.
At line:1 char:1
+ & "C:\Program Files\
nodejs/node.exe" 
"C:\Program 
Files\nodejs/node_mo 
...
+ ~~~~~~~~~~~~~~~~~~~~
~~~~~~~~~~~~~~~~~~~~~~
~~~~~~~~~~~~~~~~~~~~~~
~~~~~
    + CategoryInfo    
          : 
NotSpecified: (L    
oaded Prisma c...isma 
   
.config.ts.:String) [ 
   ], RemoteException
    + 
FullyQualifiedError   
 Id : 
NativeCommandErr    or
 

Prisma schema loaded 
from 
prisma\schema.prisma.
Datasource "db": PostgreSQL database "book_and_vibe", schema "public" at "localhost:5432"

Error: P1000: 
Authentication failed 
against database 
server, the provided 
database credentials 
for `admin` are not 
valid.

Please make sure to 
provide valid 
database credentials 
for the database 
server at the 
configured address.
