≡ƒî▒ Seeding database...
node : Γ¥î Database 
connection error: connect 
EISCONN 127.0.0.1:5433 - 
Local (127.0.0.1:64156)
At line:1 char:85
+ ... sword123@127.0.0.1:5
433/book_and_vibe"; node 
src/seed.js 2>&1 | Out-F 
...
+                         
                    
~~~~~~~~~~~~~~~~~~~~~
    + CategoryInfo        
      : NotSpecified: (Γ  
  ¥î Database co...27.0   
 .0.1:64156):String) [    
], RemoteException
    + FullyQualifiedError 
   Id : NativeCommandErr  
  or
 
Γ¥î Seeding failed: Prisma
ClientKnownRequestError: 
Invalid `prisma.review.del
eteMany()` invocation in
C:\Users\harih\Downloads\b
ook and vibe\backend\src\s
eed.js:8:23

  5 console.log('≡ƒî▒ 
Seeding database...');
  6 
  7 // 1. Clear existing 
data
ΓåÆ 8 await 
prisma.review.deleteMany(
connect EISCONN 
127.0.0.1:5433 - Local 
(127.0.0.1:64156)
    at 
Gr.handleRequestError (C:\
Users\harih\Downloads\book
 and vibe\backend\src\gene
rated\prisma\runtime\clien
t.js:69:8286)
    at Gr.handleAndLogRequ
estError (C:\Users\harih\D
ownloads\book and vibe\bac
kend\src\generated\prisma\
runtime\client.js:69:7581)
    at Gr.request (C:\User
s\harih\Downloads\book 
and vibe\backend\src\gener
ated\prisma\runtime\client
.js:69:7288)
    at process.processTick
sAndRejections (node:inter
nal/process/task_queues:10
5:5)
    at async a (C:\Users\h
arih\Downloads\book and vi
be\backend\src\generated\p
risma\runtime\client.js:79
:6730)
    at async main (C:\User
s\harih\Downloads\book 
and vibe\backend\src\seed.
js:8:3) {
  code: 'EISCONN',
  meta: { modelName: 
'Review' },
  clientVersion: '7.6.0'
}
