node : node:internal/modul
es/cjs/loader:1413
At line:1 char:1
+ node src/seed.js 2>&1 | 
Out-File -FilePath 
seed_final.log -Encoding 
u ...
+ ~~~~~~~~~~~~~~~~~~~~~
    + CategoryInfo        
      : NotSpecified: (n  
  ode:internal/modules/   
 cjs/loader:1413:Strin    
g) [], RemoteExceptio    n
    + FullyQualifiedError 
   Id : NativeCommandErr  
  or
 
  throw err;
  ^

Error: Cannot find module 
'.prisma/client/default'
Require stack:
- C:\Users\harih\Downloads
\book and vibe\backend\nod
e_modules\@prisma\client\d
efault.js
- C:\Users\harih\Downloads
\book and 
vibe\backend\src\seed.js
    at 
Module._resolveFilename (n
ode:internal/modules/cjs/l
oader:1410:15)
    at defaultResolveImpl 
(node:internal/modules/cjs
/loader:1051:19)
    at 
resolveForCJSWithHooks (no
de:internal/modules/cjs/lo
ader:1056:22)
    at Module._load (node:
internal/modules/cjs/loade
r:1219:37)
    at 
TracingChannel.traceSync (
node:diagnostics_channel:3
22:14)
    at wrapModuleLoad (nod
e:internal/modules/cjs/loa
der:238:24)
    at Module.require (nod
e:internal/modules/cjs/loa
der:1493:12)
    at require (node:inter
nal/modules/helpers:152:16
)
    at Object.<anonymous> 
(C:\Users\harih\Downloads\
book and vibe\backend\node
_modules\@prisma\client\de
fault.js:2:6)
    at Module._compile (no
de:internal/modules/cjs/lo
ader:1738:14) {
  code: 
'MODULE_NOT_FOUND',
  requireStack: [
    'C:\\Users\\harih\\Dow
nloads\\book and vibe\\bac
kend\\node_modules\\@prism
a\\client\\default.js',
    'C:\\Users\\harih\\Dow
nloads\\book and vibe\\bac
kend\\src\\seed.js'
  ]
}

Node.js v24.5.0
